(Level: warning, Message: File Run successfully)
(Level: warning, Message: File Run successfully)
(Level: warning, Message: File Run successfully)
(Level: warning, Message: File Run successfully)
(Level: warning, Message: File Run successfully)
(Sat May 27 21:02:59 2023
Level: warning, Message: File Run successfully)
(Sat May 27 21:04:09 2023
Level: warning, Message: File Run successfully)
(Level: warning, Message: File Run successfullyTime: Sat May 27 21:05:55 2023
)
Level: warning, Message: File Run successfully Time: Sat May 27 21:06:50 2023

Level: warning, Message: File Run successfully Time: Sat May 27 21:06:52 2023

Level: warning, Message: File Run successfully Time: Sat May 27 21:06:54 2023

Level: warning, Message: File Run successfully Time: Sat May 27 21:06:56 2023

Level: Critical, Message: File encountered a horrible error Time: Sat May 27 21:11:37 2023

Level: Critical, Message: File encountered a horrible error Time: Sat May 27 21:14:52 2023

Level: Critical, Message: file ran again Time: Sat May 27 21:14:52 2023

Level: Critical, Message: File encountered a horrible error Time: Sat May 27 21:19:28 2023

Level: Warning, Message: file ran again Time: Sat May 27 21:19:28 2023

Level: Critical, Message: File encountered a horrible error Time: Sat May 27 21:19:29 2023

Level: Warning, Message: file ran again Time: Sat May 27 21:19:29 2023

Level: Critical, Message: File encountered a horrible error Time: Sat May 27 21:19:31 2023

Level: Warning, Message: file ran again Time: Sat May 27 21:19:31 2023

Level: Critical, Message: File encountered a horrible error Time: Sun May 28 20:17:51 2023

Level: Warning, Message: file ran again Time: Sun May 28 20:17:51 2023

Level: Critical, Message: File encountered a horrible error Time: Mon May 29 20:55:09 2023

Level: Info, Message: End function detected Time: Mon May 29 20:55:09 2023

Level: Critical, Message: File encountered a horrible error Time: Mon May 29 20:55:15 2023

Level: Info, Message: End function detected Time: Mon May 29 20:55:15 2023

Level: Critical, Message: File encountered a horrible error Time: Mon May 29 20:55:16 2023

Level: Info, Message: End function detected Time: Mon May 29 20:55:16 2023

Level: Critical, Message: File encountered a horrible error Time: Sat Jun  3 20:06:40 2023

Level: Info, Message: End function detected Time: Sat Jun  3 20:06:40 2023

